
> tmp-app@0.1.0 build
> next build

⚠ Warning: Next.js inferred your workspace root, but it may not be correct.
 We detected multiple lockfiles and selected the directory of C:\Users\Administrator\package-lock.json as the root directory.
 To silence this warning, set `turbopack.root` in your Next.js config, or consider removing one of the lockfiles if it's not needed.
   See https://nextjs.org/docs/app/api-reference/config/next-config-js/turbopack#root-directory for more information.
 Detected additional lockfiles: 
   * C:\Users\Administrator\OneDrive\Attachments\Desktop\EnergyOptimisation\package-lock.json

▲ Next.js 16.2.2 (Turbopack)

  Creating an optimized production build ...

> Build error occurred
Error: Turbopack build failed with 1 errors:
./OneDrive/Attachments/Desktop/EnergyOptimisation/src/app/api/analytics/route.ts:4:1
Export default doesn't exist in target module
  [90m2 |[0m [36mimport[0m { prisma } [36mfrom[0m [32m'@/lib/prisma'[0m;
  [90m3 |[0m [36mimport[0m { kmeans } [36mfrom[0m [32m'ml-kmeans'[0m;
[31m[1m>[0m [90m4 |[0m [36mimport[0m [33mSimpleLinearRegressionModule[0m [36mfrom[0m [32m'ml-regression-simple-linear'[0m;
  [90m  |[0m [31m[1m^^^^^^^^^^^^^^^^^^^^^^^^^^^^^^^^^^^^^^^^^^^^^^^^^^^^^^^^^^^^^^^^^^^^^^^[0m
  [90m5 |[0m [36mconst[0m [33mSimpleLinearRegression[0m = ([33mSimpleLinearRegressionModule[0m [36mas[0m any).[36mdefault[0m || [33mSimpleLinea...[0m
  [90m6 |[0m
  [90m7 |[0m [36mexport[0m [36masync[0m [36mfunction[0m [33mGET[0m() {

The export default was not found in module [project]/OneDrive/Attachments/Desktop/EnergyOptimisation/node_modules/ml-regression-simple-linear/lib-esm/index.js [app-route] (ecmascript).
Did you mean to import SimpleLinearRegression?
All exports of the module are statically known (It doesn't have dynamic exports). So it's known statically that the requested export doesn't exist.


    at <unknown> (./OneDrive/Attachments/Desktop/EnergyOptimisation/src/app/api/analytics/route.ts:4:1)
